<?xml version="1.0" encoding="UTF-8"?>
<!-- Generated by org.testng.reporters.JUnitXMLReporter -->
<testsuite ignored="0" hostname="JiteshParekh" failures="0" tests="4" name="Test" time="31.969" errors="0" timestamp="2023-07-10T18:42:57 EDT">
  <testcase classname="tests.LoginTest" name="loginWithSpecialCharEmailTest" time="3.697"/>
  <testcase classname="tests.LoginTest" name="loginWithEmptyEmailTest" time="3.55"/>
  <testcase classname="tests.LoginTest" name="loginWithEmptyPasswordEmailTest" time="3.612"/>
  <testcase classname="tests.LoginTest" name="loginWithWrongEmailidandpasswordTest" time="3.73"/>
</testsuite> <!-- Test -->
